<?xml version="1.0" encoding="UTF-8"?>
<!-- Generated by org.testng.reporters.JUnitXMLReporter -->
<testsuite hostname="HarishGarg" ignored="0" name="ChromeTest" tests="4" failures="0" timestamp="25 Aug 2019 07:23:18 GMT" time="46.293" errors="0">
  <testcase name="Home" time="4.486" classname="testcases.loginTestCase"/>
  <testcase name="forgotpassword" time="0.791" classname="testcases.loginTestCase"/>
  <testcase name="login" time="2.532" classname="testcases.loginTestCase"/>
  <testcase name="signup" time="1.485" classname="testcases.loginTestCase"/>
</testsuite> <!-- ChromeTest -->
