<?xml version="1.0" encoding="UTF-8"?>
<!-- Generated by org.testng.reporters.JUnitXMLReporter -->
<testsuite hostname="HarishGarg" ignored="0" name="FirefoxTest" tests="4" failures="0" timestamp="25 Aug 2019 07:25:06 GMT" time="107.616" errors="0">
  <testcase name="Home" time="4.204" classname="testcases.loginTestCase"/>
  <testcase name="forgotpassword" time="0.993" classname="testcases.loginTestCase"/>
  <testcase name="login" time="1.451" classname="testcases.loginTestCase"/>
  <testcase name="signup" time="1.155" classname="testcases.loginTestCase"/>
</testsuite> <!-- FirefoxTest -->
