<?xml version="1.0" encoding="UTF-8"?>
<testng-results skipped="0" failed="0" ignored="0" total="1" passed="1">
  <reporter-output>
  </reporter-output>
  <suite name="Default suite" duration-ms="20384" started-at="2019-08-24T02:56:53Z" finished-at="2019-08-24T02:57:13Z">
    <groups>
    </groups>
    <test name="Default test" duration-ms="20384" started-at="2019-08-24T02:56:53Z" finished-at="2019-08-24T02:57:13Z">
      <class name="ObjectRepositry.ObjectMapLoginTest">
        <test-method status="PASS" signature="setUp()[pri:0, instance:ObjectRepositry.ObjectMapLoginTest@7907ec20]" name="setUp" is-config="true" duration-ms="17538" started-at="2019-08-24T08:26:53Z" finished-at="2019-08-24T08:27:10Z">
          <reporter-output>
          </reporter-output>
        </test-method> <!-- setUp -->
        <test-method status="PASS" signature="login()[pri:0, instance:ObjectRepositry.ObjectMapLoginTest@7907ec20]" name="login" duration-ms="2770" started-at="2019-08-24T08:27:11Z" finished-at="2019-08-24T08:27:13Z">
          <reporter-output>
          </reporter-output>
        </test-method> <!-- login -->
      </class> <!-- ObjectRepositry.ObjectMapLoginTest -->
    </test> <!-- Default test -->
  </suite> <!-- Default suite -->
</testng-results>
