<?xml version="1.0" encoding="UTF-8"?>
<!-- Generated by org.testng.reporters.JUnitXMLReporter -->
<testsuite hostname="HarishGarg" ignored="0" name="Login test cases" tests="4" failures="0" timestamp="25 Aug 2019 06:52:56 GMT" time="42.935" errors="0">
  <testcase name="Home" time="2.947" classname="testcases.loginTestCase"/>
  <testcase name="forgotpassword" time="1.475" classname="testcases.loginTestCase"/>
  <testcase name="login" time="3.26" classname="testcases.loginTestCase"/>
  <testcase name="signup" time="0.935" classname="testcases.loginTestCase"/>
</testsuite> <!-- Login test cases -->
